{"/Users/nata/3.1_unit/3_1_test.js": {"path":"/Users/nata/3.1_unit/3_1_test.js","statementMap":{"0":{"start":{"line":2,"column":0},"end":{"line":9,"column":5}},"1":{"start":{"line":4,"column":16},"end":{"line":4,"column":21}},"2":{"start":{"line":5,"column":4},"end":{"line":5,"column":13}},"3":{"start":{"line":6,"column":4},"end":{"line":6,"column":44}},"4":{"start":{"line":7,"column":4},"end":{"line":7,"column":13}},"5":{"start":{"line":8,"column":4},"end":{"line":8,"column":17}},"6":{"start":{"line":10,"column":4},"end":{"line":10,"column":36}}},"fnMap":{"0":{"name":"(anonymous_0)","decl":{"start":{"line":2,"column":0},"end":{"line":2,"column":1}},"loc":{"start":{"line":2,"column":10},"end":{"line":9,"column":5}},"line":2}},"branchMap":{"0":{"loc":{"start":{"line":6,"column":4},"end":{"line":6,"column":43}},"type":"cond-expr","locations":[{"start":{"line":6,"column":16},"end":{"line":6,"column":26}},{"start":{"line":6,"column":31},"end":{"line":6,"column":42}}],"line":6}},"s":{"0":1,"1":7,"2":7,"3":7,"4":7,"5":7,"6":1},"f":{"0":7},"b":{"0":[1,6]},"_coverageSchema":"1a1c01bbd47fc00a2c39e90264f33305004495a9","hash":"584fad470e5d113c204bb2fcebc23d4ea6b707c6"}
}
